Copyright 1986-2019 Xilinx, Inc. All Rights Reserved.
------------------------------------------------------------------------------------------------------------------------------------------------------------
| Tool Version : Vivado v.2019.1 (win64) Build 2552052 Fri May 24 14:49:42 MDT 2019
| Date         : Sun Jun  6 23:08:23 2021
| Host         : DESKTOP-BFNDV8U running 64-bit major release  (build 9200)
| Command      : report_bus_skew -warn_on_violation -file xillydemo_bus_skew_routed.rpt -pb xillydemo_bus_skew_routed.pb -rpx xillydemo_bus_skew_routed.rpx
| Design       : xillydemo
| Device       : 7z020-clg484
| Speed File   : -1  PRODUCTION 1.11 2014-09-11
------------------------------------------------------------------------------------------------------------------------------------------------------------

Bus Skew Report

Table of Contents
-----------------
1. Bus Skew Report Summary
2. Bus Skew Report Per Constraint

1. Bus Skew Report Summary
--------------------------

Id  Position  From                            To                              Corner  Requirement(ns)  Actual(ns)  Slack(ns)
--  --------  ------------------------------  ------------------------------  ------  ---------------  ----------  ---------
1   12        [get_cells [list {xillybus_ins/system_i/vivado_system_i/xillyvga_0/inst/xillyvga_core_ins/vga_fifo_wrapper_ins/vga_fifo/U0/inst_fifo_gen/gconvfifo.rf/grf.rf/gntv_or_sync_fifo.gcx.clkx/rd_pntr_cdc_inst/src_gray_ff_reg[0]} {xillybus_ins/system_i/vivado_system_i/xillyvga_0/inst/xillyvga_core_ins/vga_fifo_wrapper_ins/vga_fifo/U0/inst_fifo_gen/gconvfifo.rf/grf.rf/gntv_or_sync_fifo.gcx.clkx/rd_pntr_cdc_inst/src_gray_ff_reg[1]} {xillybus_ins/system_i/vivado_system_i/xillyvga_0/inst/xillyvga_core_ins/vga_fifo_wrapper_ins/vga_fifo/U0/inst_fifo_gen/gconvfifo.rf/grf.rf/gntv_or_sync_fifo.gcx.clkx/rd_pntr_cdc_inst/src_gray_ff_reg[2]} {xillybus_ins/system_i/vivado_system_i/xillyvga_0/inst/xillyvga_core_ins/vga_fifo_wrapper_ins/vga_fifo/U0/inst_fifo_gen/gconvfifo.rf/grf.rf/gntv_or_sync_fifo.gcx.clkx/rd_pntr_cdc_inst/src_gray_ff_reg[3]} {xillybus_ins/system_i/vivado_system_i/xillyvga_0/inst/xillyvga_core_ins/vga_fifo_wrapper_ins/vga_fifo/U0/inst_fifo_gen/gconvfifo.rf/grf.rf/gntv_or_sync_fifo.gcx.clkx/rd_pntr_cdc_inst/src_gray_ff_reg[4]} {xillybus_ins/system_i/vivado_system_i/xillyvga_0/inst/xillyvga_core_ins/vga_fifo_wrapper_ins/vga_fifo/U0/inst_fifo_gen/gconvfifo.rf/grf.rf/gntv_or_sync_fifo.gcx.clkx/rd_pntr_cdc_inst/src_gray_ff_reg[5]} {xillybus_ins/system_i/vivado_system_i/xillyvga_0/inst/xillyvga_core_ins/vga_fifo_wrapper_ins/vga_fifo/U0/inst_fifo_gen/gconvfifo.rf/grf.rf/gntv_or_sync_fifo.gcx.clkx/rd_pntr_cdc_inst/src_gray_ff_reg[6]} {xillybus_ins/system_i/vivado_system_i/xillyvga_0/inst/xillyvga_core_ins/vga_fifo_wrapper_ins/vga_fifo/U0/inst_fifo_gen/gconvfifo.rf/grf.rf/gntv_or_sync_fifo.gcx.clkx/rd_pntr_cdc_inst/src_gray_ff_reg[7]} {xillybus_ins/system_i/vivado_system_i/xillyvga_0/inst/xillyvga_core_ins/vga_fifo_wrapper_ins/vga_fifo/U0/inst_fifo_gen/gconvfifo.rf/grf.rf/gntv_or_sync_fifo.gcx.clkx/rd_pntr_cdc_inst/src_gray_ff_reg[8]}]]
                                              [get_cells [list {xillybus_ins/system_i/vivado_system_i/xillyvga_0/inst/xillyvga_core_ins/vga_fifo_wrapper_ins/vga_fifo/U0/inst_fifo_gen/gconvfifo.rf/grf.rf/gntv_or_sync_fifo.gcx.clkx/rd_pntr_cdc_inst/dest_graysync_ff_reg[0][0]} {xillybus_ins/system_i/vivado_system_i/xillyvga_0/inst/xillyvga_core_ins/vga_fifo_wrapper_ins/vga_fifo/U0/inst_fifo_gen/gconvfifo.rf/grf.rf/gntv_or_sync_fifo.gcx.clkx/rd_pntr_cdc_inst/dest_graysync_ff_reg[0][1]} {xillybus_ins/system_i/vivado_system_i/xillyvga_0/inst/xillyvga_core_ins/vga_fifo_wrapper_ins/vga_fifo/U0/inst_fifo_gen/gconvfifo.rf/grf.rf/gntv_or_sync_fifo.gcx.clkx/rd_pntr_cdc_inst/dest_graysync_ff_reg[0][2]} {xillybus_ins/system_i/vivado_system_i/xillyvga_0/inst/xillyvga_core_ins/vga_fifo_wrapper_ins/vga_fifo/U0/inst_fifo_gen/gconvfifo.rf/grf.rf/gntv_or_sync_fifo.gcx.clkx/rd_pntr_cdc_inst/dest_graysync_ff_reg[0][3]} {xillybus_ins/system_i/vivado_system_i/xillyvga_0/inst/xillyvga_core_ins/vga_fifo_wrapper_ins/vga_fifo/U0/inst_fifo_gen/gconvfifo.rf/grf.rf/gntv_or_sync_fifo.gcx.clkx/rd_pntr_cdc_inst/dest_graysync_ff_reg[0][4]} {xillybus_ins/system_i/vivado_system_i/xillyvga_0/inst/xillyvga_core_ins/vga_fifo_wrapper_ins/vga_fifo/U0/inst_fifo_gen/gconvfifo.rf/grf.rf/gntv_or_sync_fifo.gcx.clkx/rd_pntr_cdc_inst/dest_graysync_ff_reg[0][5]} {xillybus_ins/system_i/vivado_system_i/xillyvga_0/inst/xillyvga_core_ins/vga_fifo_wrapper_ins/vga_fifo/U0/inst_fifo_gen/gconvfifo.rf/grf.rf/gntv_or_sync_fifo.gcx.clkx/rd_pntr_cdc_inst/dest_graysync_ff_reg[0][6]} {xillybus_ins/system_i/vivado_system_i/xillyvga_0/inst/xillyvga_core_ins/vga_fifo_wrapper_ins/vga_fifo/U0/inst_fifo_gen/gconvfifo.rf/grf.rf/gntv_or_sync_fifo.gcx.clkx/rd_pntr_cdc_inst/dest_graysync_ff_reg[0][7]} {xillybus_ins/system_i/vivado_system_i/xillyvga_0/inst/xillyvga_core_ins/vga_fifo_wrapper_ins/vga_fifo/U0/inst_fifo_gen/gconvfifo.rf/grf.rf/gntv_or_sync_fifo.gcx.clkx/rd_pntr_cdc_inst/dest_graysync_ff_reg[0][8]}]]
                                                                              Slow             10.000       1.221      8.779
2   14        [get_cells [list {xillybus_ins/system_i/vivado_system_i/xillyvga_0/inst/xillyvga_core_ins/vga_fifo_wrapper_ins/vga_fifo/U0/inst_fifo_gen/gconvfifo.rf/grf.rf/gntv_or_sync_fifo.gcx.clkx/wr_pntr_cdc_inst/src_gray_ff_reg[0]} {xillybus_ins/system_i/vivado_system_i/xillyvga_0/inst/xillyvga_core_ins/vga_fifo_wrapper_ins/vga_fifo/U0/inst_fifo_gen/gconvfifo.rf/grf.rf/gntv_or_sync_fifo.gcx.clkx/wr_pntr_cdc_inst/src_gray_ff_reg[1]} {xillybus_ins/system_i/vivado_system_i/xillyvga_0/inst/xillyvga_core_ins/vga_fifo_wrapper_ins/vga_fifo/U0/inst_fifo_gen/gconvfifo.rf/grf.rf/gntv_or_sync_fifo.gcx.clkx/wr_pntr_cdc_inst/src_gray_ff_reg[2]} {xillybus_ins/system_i/vivado_system_i/xillyvga_0/inst/xillyvga_core_ins/vga_fifo_wrapper_ins/vga_fifo/U0/inst_fifo_gen/gconvfifo.rf/grf.rf/gntv_or_sync_fifo.gcx.clkx/wr_pntr_cdc_inst/src_gray_ff_reg[3]} {xillybus_ins/system_i/vivado_system_i/xillyvga_0/inst/xillyvga_core_ins/vga_fifo_wrapper_ins/vga_fifo/U0/inst_fifo_gen/gconvfifo.rf/grf.rf/gntv_or_sync_fifo.gcx.clkx/wr_pntr_cdc_inst/src_gray_ff_reg[4]} {xillybus_ins/system_i/vivado_system_i/xillyvga_0/inst/xillyvga_core_ins/vga_fifo_wrapper_ins/vga_fifo/U0/inst_fifo_gen/gconvfifo.rf/grf.rf/gntv_or_sync_fifo.gcx.clkx/wr_pntr_cdc_inst/src_gray_ff_reg[5]} {xillybus_ins/system_i/vivado_system_i/xillyvga_0/inst/xillyvga_core_ins/vga_fifo_wrapper_ins/vga_fifo/U0/inst_fifo_gen/gconvfifo.rf/grf.rf/gntv_or_sync_fifo.gcx.clkx/wr_pntr_cdc_inst/src_gray_ff_reg[6]} {xillybus_ins/system_i/vivado_system_i/xillyvga_0/inst/xillyvga_core_ins/vga_fifo_wrapper_ins/vga_fifo/U0/inst_fifo_gen/gconvfifo.rf/grf.rf/gntv_or_sync_fifo.gcx.clkx/wr_pntr_cdc_inst/src_gray_ff_reg[7]} {xillybus_ins/system_i/vivado_system_i/xillyvga_0/inst/xillyvga_core_ins/vga_fifo_wrapper_ins/vga_fifo/U0/inst_fifo_gen/gconvfifo.rf/grf.rf/gntv_or_sync_fifo.gcx.clkx/wr_pntr_cdc_inst/src_gray_ff_reg[8]}]]
                                              [get_cells [list {xillybus_ins/system_i/vivado_system_i/xillyvga_0/inst/xillyvga_core_ins/vga_fifo_wrapper_ins/vga_fifo/U0/inst_fifo_gen/gconvfifo.rf/grf.rf/gntv_or_sync_fifo.gcx.clkx/wr_pntr_cdc_inst/dest_graysync_ff_reg[0][0]} {xillybus_ins/system_i/vivado_system_i/xillyvga_0/inst/xillyvga_core_ins/vga_fifo_wrapper_ins/vga_fifo/U0/inst_fifo_gen/gconvfifo.rf/grf.rf/gntv_or_sync_fifo.gcx.clkx/wr_pntr_cdc_inst/dest_graysync_ff_reg[0][1]} {xillybus_ins/system_i/vivado_system_i/xillyvga_0/inst/xillyvga_core_ins/vga_fifo_wrapper_ins/vga_fifo/U0/inst_fifo_gen/gconvfifo.rf/grf.rf/gntv_or_sync_fifo.gcx.clkx/wr_pntr_cdc_inst/dest_graysync_ff_reg[0][2]} {xillybus_ins/system_i/vivado_system_i/xillyvga_0/inst/xillyvga_core_ins/vga_fifo_wrapper_ins/vga_fifo/U0/inst_fifo_gen/gconvfifo.rf/grf.rf/gntv_or_sync_fifo.gcx.clkx/wr_pntr_cdc_inst/dest_graysync_ff_reg[0][3]} {xillybus_ins/system_i/vivado_system_i/xillyvga_0/inst/xillyvga_core_ins/vga_fifo_wrapper_ins/vga_fifo/U0/inst_fifo_gen/gconvfifo.rf/grf.rf/gntv_or_sync_fifo.gcx.clkx/wr_pntr_cdc_inst/dest_graysync_ff_reg[0][4]} {xillybus_ins/system_i/vivado_system_i/xillyvga_0/inst/xillyvga_core_ins/vga_fifo_wrapper_ins/vga_fifo/U0/inst_fifo_gen/gconvfifo.rf/grf.rf/gntv_or_sync_fifo.gcx.clkx/wr_pntr_cdc_inst/dest_graysync_ff_reg[0][5]} {xillybus_ins/system_i/vivado_system_i/xillyvga_0/inst/xillyvga_core_ins/vga_fifo_wrapper_ins/vga_fifo/U0/inst_fifo_gen/gconvfifo.rf/grf.rf/gntv_or_sync_fifo.gcx.clkx/wr_pntr_cdc_inst/dest_graysync_ff_reg[0][6]} {xillybus_ins/system_i/vivado_system_i/xillyvga_0/inst/xillyvga_core_ins/vga_fifo_wrapper_ins/vga_fifo/U0/inst_fifo_gen/gconvfifo.rf/grf.rf/gntv_or_sync_fifo.gcx.clkx/wr_pntr_cdc_inst/dest_graysync_ff_reg[0][7]} {xillybus_ins/system_i/vivado_system_i/xillyvga_0/inst/xillyvga_core_ins/vga_fifo_wrapper_ins/vga_fifo/U0/inst_fifo_gen/gconvfifo.rf/grf.rf/gntv_or_sync_fifo.gcx.clkx/wr_pntr_cdc_inst/dest_graysync_ff_reg[0][8]}]]
                                                                              Slow             10.000       1.493      8.507


2. Bus Skew Report Per Constraint
---------------------------------

Id: 1
set_bus_skew -from [get_cells [list {xillybus_ins/system_i/vivado_system_i/xillyvga_0/inst/xillyvga_core_ins/vga_fifo_wrapper_ins/vga_fifo/U0/inst_fifo_gen/gconvfifo.rf/grf.rf/gntv_or_sync_fifo.gcx.clkx/rd_pntr_cdc_inst/src_gray_ff_reg[0]} {xillybus_ins/system_i/vivado_system_i/xillyvga_0/inst/xillyvga_core_ins/vga_fifo_wrapper_ins/vga_fifo/U0/inst_fifo_gen/gconvfifo.rf/grf.rf/gntv_or_sync_fifo.gcx.clkx/rd_pntr_cdc_inst/src_gray_ff_reg[1]} {xillybus_ins/system_i/vivado_system_i/xillyvga_0/inst/xillyvga_core_ins/vga_fifo_wrapper_ins/vga_fifo/U0/inst_fifo_gen/gconvfifo.rf/grf.rf/gntv_or_sync_fifo.gcx.clkx/rd_pntr_cdc_inst/src_gray_ff_reg[2]} {xillybus_ins/system_i/vivado_system_i/xillyvga_0/inst/xillyvga_core_ins/vga_fifo_wrapper_ins/vga_fifo/U0/inst_fifo_gen/gconvfifo.rf/grf.rf/gntv_or_sync_fifo.gcx.clkx/rd_pntr_cdc_inst/src_gray_ff_reg[3]} {xillybus_ins/system_i/vivado_system_i/xillyvga_0/inst/xillyvga_core_ins/vga_fifo_wrapper_ins/vga_fifo/U0/inst_fifo_gen/gconvfifo.rf/grf.rf/gntv_or_sync_fifo.gcx.clkx/rd_pntr_cdc_inst/src_gray_ff_reg[4]} {xillybus_ins/system_i/vivado_system_i/xillyvga_0/inst/xillyvga_core_ins/vga_fifo_wrapper_ins/vga_fifo/U0/inst_fifo_gen/gconvfifo.rf/grf.rf/gntv_or_sync_fifo.gcx.clkx/rd_pntr_cdc_inst/src_gray_ff_reg[5]} {xillybus_ins/system_i/vivado_system_i/xillyvga_0/inst/xillyvga_core_ins/vga_fifo_wrapper_ins/vga_fifo/U0/inst_fifo_gen/gconvfifo.rf/grf.rf/gntv_or_sync_fifo.gcx.clkx/rd_pntr_cdc_inst/src_gray_ff_reg[6]} {xillybus_ins/system_i/vivado_system_i/xillyvga_0/inst/xillyvga_core_ins/vga_fifo_wrapper_ins/vga_fifo/U0/inst_fifo_gen/gconvfifo.rf/grf.rf/gntv_or_sync_fifo.gcx.clkx/rd_pntr_cdc_inst/src_gray_ff_reg[7]} {xillybus_ins/system_i/vivado_system_i/xillyvga_0/inst/xillyvga_core_ins/vga_fifo_wrapper_ins/vga_fifo/U0/inst_fifo_gen/gconvfifo.rf/grf.rf/gntv_or_sync_fifo.gcx.clkx/rd_pntr_cdc_inst/src_gray_ff_reg[8]}]] -to [get_cells [list {xillybus_ins/system_i/vivado_system_i/xillyvga_0/inst/xillyvga_core_ins/vga_fifo_wrapper_ins/vga_fifo/U0/inst_fifo_gen/gconvfifo.rf/grf.rf/gntv_or_sync_fifo.gcx.clkx/rd_pntr_cdc_inst/dest_graysync_ff_reg[0][0]} {xillybus_ins/system_i/vivado_system_i/xillyvga_0/inst/xillyvga_core_ins/vga_fifo_wrapper_ins/vga_fifo/U0/inst_fifo_gen/gconvfifo.rf/grf.rf/gntv_or_sync_fifo.gcx.clkx/rd_pntr_cdc_inst/dest_graysync_ff_reg[0][1]} {xillybus_ins/system_i/vivado_system_i/xillyvga_0/inst/xillyvga_core_ins/vga_fifo_wrapper_ins/vga_fifo/U0/inst_fifo_gen/gconvfifo.rf/grf.rf/gntv_or_sync_fifo.gcx.clkx/rd_pntr_cdc_inst/dest_graysync_ff_reg[0][2]} {xillybus_ins/system_i/vivado_system_i/xillyvga_0/inst/xillyvga_core_ins/vga_fifo_wrapper_ins/vga_fifo/U0/inst_fifo_gen/gconvfifo.rf/grf.rf/gntv_or_sync_fifo.gcx.clkx/rd_pntr_cdc_inst/dest_graysync_ff_reg[0][3]} {xillybus_ins/system_i/vivado_system_i/xillyvga_0/inst/xillyvga_core_ins/vga_fifo_wrapper_ins/vga_fifo/U0/inst_fifo_gen/gconvfifo.rf/grf.rf/gntv_or_sync_fifo.gcx.clkx/rd_pntr_cdc_inst/dest_graysync_ff_reg[0][4]} {xillybus_ins/system_i/vivado_system_i/xillyvga_0/inst/xillyvga_core_ins/vga_fifo_wrapper_ins/vga_fifo/U0/inst_fifo_gen/gconvfifo.rf/grf.rf/gntv_or_sync_fifo.gcx.clkx/rd_pntr_cdc_inst/dest_graysync_ff_reg[0][5]} {xillybus_ins/system_i/vivado_system_i/xillyvga_0/inst/xillyvga_core_ins/vga_fifo_wrapper_ins/vga_fifo/U0/inst_fifo_gen/gconvfifo.rf/grf.rf/gntv_or_sync_fifo.gcx.clkx/rd_pntr_cdc_inst/dest_graysync_ff_reg[0][6]} {xillybus_ins/system_i/vivado_system_i/xillyvga_0/inst/xillyvga_core_ins/vga_fifo_wrapper_ins/vga_fifo/U0/inst_fifo_gen/gconvfifo.rf/grf.rf/gntv_or_sync_fifo.gcx.clkx/rd_pntr_cdc_inst/dest_graysync_ff_reg[0][7]} {xillybus_ins/system_i/vivado_system_i/xillyvga_0/inst/xillyvga_core_ins/vga_fifo_wrapper_ins/vga_fifo/U0/inst_fifo_gen/gconvfifo.rf/grf.rf/gntv_or_sync_fifo.gcx.clkx/rd_pntr_cdc_inst/dest_graysync_ff_reg[0][8]}]] 10.000
Requirement: 10.000ns
Endpoints: 9

From Clock            To Clock              Endpoint Pin                    Reference Pin                   Corner  Actual(ns)  Slack(ns)
--------------------  --------------------  ------------------------------  ------------------------------  ------  ----------  ---------
vga_clk_ins/clkout0   clk_fpga_1            xillybus_ins/system_i/vivado_system_i/xillyvga_0/inst/xillyvga_core_ins/vga_fifo_wrapper_ins/vga_fifo/U0/inst_fifo_gen/gconvfifo.rf/grf.rf/gntv_or_sync_fifo.gcx.clkx/rd_pntr_cdc_inst/dest_graysync_ff_reg[0][6]/D
                                                                            xillybus_ins/system_i/vivado_system_i/xillyvga_0/inst/xillyvga_core_ins/vga_fifo_wrapper_ins/vga_fifo/U0/inst_fifo_gen/gconvfifo.rf/grf.rf/gntv_or_sync_fifo.gcx.clkx/rd_pntr_cdc_inst/dest_graysync_ff_reg[0][0]/D
                                                                                                            Slow         1.221      8.779


Slack (MET) :             8.779ns  (requirement - actual skew)
  Endpoint Source:        xillybus_ins/system_i/vivado_system_i/xillyvga_0/inst/xillyvga_core_ins/vga_fifo_wrapper_ins/vga_fifo/U0/inst_fifo_gen/gconvfifo.rf/grf.rf/gntv_or_sync_fifo.gcx.clkx/rd_pntr_cdc_inst/src_gray_ff_reg[6]/C
                            (rising edge-triggered cell FDRE clocked by vga_clk_ins/clkout0)
  Endpoint Destination:   xillybus_ins/system_i/vivado_system_i/xillyvga_0/inst/xillyvga_core_ins/vga_fifo_wrapper_ins/vga_fifo/U0/inst_fifo_gen/gconvfifo.rf/grf.rf/gntv_or_sync_fifo.gcx.clkx/rd_pntr_cdc_inst/dest_graysync_ff_reg[0][6]/D
                            (rising edge-triggered cell FDRE clocked by clk_fpga_1)
  Reference Source:       xillybus_ins/system_i/vivado_system_i/xillyvga_0/inst/xillyvga_core_ins/vga_fifo_wrapper_ins/vga_fifo/U0/inst_fifo_gen/gconvfifo.rf/grf.rf/gntv_or_sync_fifo.gcx.clkx/rd_pntr_cdc_inst/src_gray_ff_reg[0]/C
                            (rising edge-triggered cell FDRE clocked by vga_clk_ins/clkout0)
  Reference Destination:  xillybus_ins/system_i/vivado_system_i/xillyvga_0/inst/xillyvga_core_ins/vga_fifo_wrapper_ins/vga_fifo/U0/inst_fifo_gen/gconvfifo.rf/grf.rf/gntv_or_sync_fifo.gcx.clkx/rd_pntr_cdc_inst/dest_graysync_ff_reg[0][0]/D
                            (rising edge-triggered cell FDRE clocked by clk_fpga_1)
  Path Type:              Bus Skew (Max at Slow Process Corner)
  Requirement:            10.000ns
  Endpoint Relative Delay:    7.961ns
  Reference Relative Delay:   6.103ns
  Relative CRPR:              1.070ns
  Uncertainty:                0.433ns
  Actual Bus Skew:            1.221ns  (Endpoint Relative Delay - Reference Relative Delay - Relative CRPR + Uncertainty)

Endpoint path:
    Location             Delay type                Incr(ns)  Path(ns)    Netlist Resource(s)
  -------------------------------------------------------------------    -------------------
                         (clock vga_clk_ins/clkout0 rise edge)
                                                      0.000     0.000 r  
    Y9                                                0.000     0.000 r  clk_100 (IN)
                         net (fo=0)                   0.000     0.000    clk_100
    Y9                   IBUF (Prop_ibuf_I_O)         1.490     1.490 r  clk_100_IBUF_inst/O
                         net (fo=1, routed)           2.171     3.661    clk_100_IBUF
    BUFGCTRL_X0Y1        BUFG (Prop_bufg_I_O)         0.101     3.762 r  clk_100_IBUF_BUFG_inst/O
                         net (fo=4, routed)           1.828     5.590    xillybus_ins/system_i/vivado_system_i/xillyvga_0/inst/xillyvga_core_ins/clk_in
    PLLE2_ADV_X1Y0       PLLE2_ADV (Prop_plle2_adv_CLKIN1_CLKOUT0)
                                                      0.088     5.678 r  xillybus_ins/system_i/vivado_system_i/xillyvga_0/inst/xillyvga_core_ins/vga_clk_ins/vga_pll/CLKOUT0
                         net (fo=1, routed)           1.883     7.561    xillybus_ins/system_i/vivado_system_i/xillyvga_0/inst/xillyvga_core_ins/vga_clk_ins/clkout0
    BUFGCTRL_X0Y0        BUFG (Prop_bufg_I_O)         0.101     7.662 r  xillybus_ins/system_i/vivado_system_i/xillyvga_0/inst/xillyvga_core_ins/vga_clk_ins/clkout1_buf/O
                         net (fo=195, routed)         1.744     9.406    xillybus_ins/system_i/vivado_system_i/xillyvga_0/inst/xillyvga_core_ins/vga_fifo_wrapper_ins/vga_fifo/U0/inst_fifo_gen/gconvfifo.rf/grf.rf/gntv_or_sync_fifo.gcx.clkx/rd_pntr_cdc_inst/src_clk
    SLICE_X28Y46         FDRE                                         r  xillybus_ins/system_i/vivado_system_i/xillyvga_0/inst/xillyvga_core_ins/vga_fifo_wrapper_ins/vga_fifo/U0/inst_fifo_gen/gconvfifo.rf/grf.rf/gntv_or_sync_fifo.gcx.clkx/rd_pntr_cdc_inst/src_gray_ff_reg[6]/C
  -------------------------------------------------------------------    -------------------
    SLICE_X28Y46         FDRE (Prop_fdre_C_Q)         0.456     9.862 r  xillybus_ins/system_i/vivado_system_i/xillyvga_0/inst/xillyvga_core_ins/vga_fifo_wrapper_ins/vga_fifo/U0/inst_fifo_gen/gconvfifo.rf/grf.rf/gntv_or_sync_fifo.gcx.clkx/rd_pntr_cdc_inst/src_gray_ff_reg[6]/Q
                         net (fo=1, routed)           0.755    10.617    xillybus_ins/system_i/vivado_system_i/xillyvga_0/inst/xillyvga_core_ins/vga_fifo_wrapper_ins/vga_fifo/U0/inst_fifo_gen/gconvfifo.rf/grf.rf/gntv_or_sync_fifo.gcx.clkx/rd_pntr_cdc_inst/async_path[6]
    SLICE_X28Y48         FDRE                                         r  xillybus_ins/system_i/vivado_system_i/xillyvga_0/inst/xillyvga_core_ins/vga_fifo_wrapper_ins/vga_fifo/U0/inst_fifo_gen/gconvfifo.rf/grf.rf/gntv_or_sync_fifo.gcx.clkx/rd_pntr_cdc_inst/dest_graysync_ff_reg[0][6]/D
  -------------------------------------------------------------------    -------------------

                         (clock clk_fpga_1 rise edge)
                                                      0.000     0.000 r  
    PS7_X0Y0             PS7                          0.000     0.000 r  xillybus_ins/system_i/vivado_system_i/processing_system7_0/inst/PS7_i/FCLKCLK[1]
                         net (fo=1, routed)           1.088     1.088    xillybus_ins/system_i/vivado_system_i/processing_system7_0/inst/FCLK_CLK_unbuffered[1]
    BUFGCTRL_X0Y16       BUFG (Prop_bufg_I_O)         0.091     1.179 r  xillybus_ins/system_i/vivado_system_i/processing_system7_0/inst/buffer_fclk_clk_1.FCLK_CLK_1_BUFG/O
                         net (fo=5962, routed)        1.572     2.751    xillybus_ins/system_i/vivado_system_i/xillyvga_0/inst/xillyvga_core_ins/vga_fifo_wrapper_ins/vga_fifo/U0/inst_fifo_gen/gconvfifo.rf/grf.rf/gntv_or_sync_fifo.gcx.clkx/rd_pntr_cdc_inst/dest_clk
    SLICE_X28Y48         FDRE                                         r  xillybus_ins/system_i/vivado_system_i/xillyvga_0/inst/xillyvga_core_ins/vga_fifo_wrapper_ins/vga_fifo/U0/inst_fifo_gen/gconvfifo.rf/grf.rf/gntv_or_sync_fifo.gcx.clkx/rd_pntr_cdc_inst/dest_graysync_ff_reg[0][6]/C
                         clock pessimism              0.000     2.751    
    SLICE_X28Y48         FDRE (Setup_fdre_C_D)       -0.095     2.656    xillybus_ins/system_i/vivado_system_i/xillyvga_0/inst/xillyvga_core_ins/vga_fifo_wrapper_ins/vga_fifo/U0/inst_fifo_gen/gconvfifo.rf/grf.rf/gntv_or_sync_fifo.gcx.clkx/rd_pntr_cdc_inst/dest_graysync_ff_reg[0][6]
  -------------------------------------------------------------------
                         data arrival                          10.617    
                         clock arrival                          2.656    
  -------------------------------------------------------------------
                         relative delay                         7.961    

Reference path:
    Location             Delay type                Incr(ns)  Path(ns)    Netlist Resource(s)
  -------------------------------------------------------------------    -------------------
                         (clock vga_clk_ins/clkout0 rise edge)
                                                      0.000     0.000 r  
    Y9                                                0.000     0.000 r  clk_100 (IN)
                         net (fo=0)                   0.000     0.000    clk_100
    Y9                   IBUF (Prop_ibuf_I_O)         1.420     1.420 r  clk_100_IBUF_inst/O
                         net (fo=1, routed)           1.972     3.392    clk_100_IBUF
    BUFGCTRL_X0Y1        BUFG (Prop_bufg_I_O)         0.091     3.483 r  clk_100_IBUF_BUFG_inst/O
                         net (fo=4, routed)           1.631     5.114    xillybus_ins/system_i/vivado_system_i/xillyvga_0/inst/xillyvga_core_ins/clk_in
    PLLE2_ADV_X1Y0       PLLE2_ADV (Prop_plle2_adv_CLKIN1_CLKOUT0)
                                                      0.083     5.197 r  xillybus_ins/system_i/vivado_system_i/xillyvga_0/inst/xillyvga_core_ins/vga_clk_ins/vga_pll/CLKOUT0
                         net (fo=1, routed)           1.720     6.917    xillybus_ins/system_i/vivado_system_i/xillyvga_0/inst/xillyvga_core_ins/vga_clk_ins/clkout0
    BUFGCTRL_X0Y0        BUFG (Prop_bufg_I_O)         0.091     7.008 r  xillybus_ins/system_i/vivado_system_i/xillyvga_0/inst/xillyvga_core_ins/vga_clk_ins/clkout1_buf/O
                         net (fo=195, routed)         1.568     8.577    xillybus_ins/system_i/vivado_system_i/xillyvga_0/inst/xillyvga_core_ins/vga_fifo_wrapper_ins/vga_fifo/U0/inst_fifo_gen/gconvfifo.rf/grf.rf/gntv_or_sync_fifo.gcx.clkx/rd_pntr_cdc_inst/src_clk
    SLICE_X28Y45         FDRE                                         r  xillybus_ins/system_i/vivado_system_i/xillyvga_0/inst/xillyvga_core_ins/vga_fifo_wrapper_ins/vga_fifo/U0/inst_fifo_gen/gconvfifo.rf/grf.rf/gntv_or_sync_fifo.gcx.clkx/rd_pntr_cdc_inst/src_gray_ff_reg[0]/C
  -------------------------------------------------------------------    -------------------
    SLICE_X28Y45         FDRE (Prop_fdre_C_Q)         0.367     8.944 r  xillybus_ins/system_i/vivado_system_i/xillyvga_0/inst/xillyvga_core_ins/vga_fifo_wrapper_ins/vga_fifo/U0/inst_fifo_gen/gconvfifo.rf/grf.rf/gntv_or_sync_fifo.gcx.clkx/rd_pntr_cdc_inst/src_gray_ff_reg[0]/Q
                         net (fo=1, routed)           0.370     9.313    xillybus_ins/system_i/vivado_system_i/xillyvga_0/inst/xillyvga_core_ins/vga_fifo_wrapper_ins/vga_fifo/U0/inst_fifo_gen/gconvfifo.rf/grf.rf/gntv_or_sync_fifo.gcx.clkx/rd_pntr_cdc_inst/async_path[0]
    SLICE_X29Y46         FDRE                                         r  xillybus_ins/system_i/vivado_system_i/xillyvga_0/inst/xillyvga_core_ins/vga_fifo_wrapper_ins/vga_fifo/U0/inst_fifo_gen/gconvfifo.rf/grf.rf/gntv_or_sync_fifo.gcx.clkx/rd_pntr_cdc_inst/dest_graysync_ff_reg[0][0]/D
  -------------------------------------------------------------------    -------------------

                         (clock clk_fpga_1 rise edge)
                                                      0.000     0.000 r  
    PS7_X0Y0             PS7                          0.000     0.000 r  xillybus_ins/system_i/vivado_system_i/processing_system7_0/inst/PS7_i/FCLKCLK[1]
                         net (fo=1, routed)           1.193     1.193    xillybus_ins/system_i/vivado_system_i/processing_system7_0/inst/FCLK_CLK_unbuffered[1]
    BUFGCTRL_X0Y16       BUFG (Prop_bufg_I_O)         0.101     1.294 r  xillybus_ins/system_i/vivado_system_i/processing_system7_0/inst/buffer_fclk_clk_1.FCLK_CLK_1_BUFG/O
                         net (fo=5962, routed)        1.747     3.041    xillybus_ins/system_i/vivado_system_i/xillyvga_0/inst/xillyvga_core_ins/vga_fifo_wrapper_ins/vga_fifo/U0/inst_fifo_gen/gconvfifo.rf/grf.rf/gntv_or_sync_fifo.gcx.clkx/rd_pntr_cdc_inst/dest_clk
    SLICE_X29Y46         FDRE                                         r  xillybus_ins/system_i/vivado_system_i/xillyvga_0/inst/xillyvga_core_ins/vga_fifo_wrapper_ins/vga_fifo/U0/inst_fifo_gen/gconvfifo.rf/grf.rf/gntv_or_sync_fifo.gcx.clkx/rd_pntr_cdc_inst/dest_graysync_ff_reg[0][0]/C
                         clock pessimism              0.000     3.041    
    SLICE_X29Y46         FDRE (Hold_fdre_C_D)         0.169     3.210    xillybus_ins/system_i/vivado_system_i/xillyvga_0/inst/xillyvga_core_ins/vga_fifo_wrapper_ins/vga_fifo/U0/inst_fifo_gen/gconvfifo.rf/grf.rf/gntv_or_sync_fifo.gcx.clkx/rd_pntr_cdc_inst/dest_graysync_ff_reg[0][0]
  -------------------------------------------------------------------
                         data arrival                           9.313    
                         clock arrival                          3.210    
  -------------------------------------------------------------------
                         relative delay                         6.103    



Id: 2
set_bus_skew -from [get_cells [list {xillybus_ins/system_i/vivado_system_i/xillyvga_0/inst/xillyvga_core_ins/vga_fifo_wrapper_ins/vga_fifo/U0/inst_fifo_gen/gconvfifo.rf/grf.rf/gntv_or_sync_fifo.gcx.clkx/wr_pntr_cdc_inst/src_gray_ff_reg[0]} {xillybus_ins/system_i/vivado_system_i/xillyvga_0/inst/xillyvga_core_ins/vga_fifo_wrapper_ins/vga_fifo/U0/inst_fifo_gen/gconvfifo.rf/grf.rf/gntv_or_sync_fifo.gcx.clkx/wr_pntr_cdc_inst/src_gray_ff_reg[1]} {xillybus_ins/system_i/vivado_system_i/xillyvga_0/inst/xillyvga_core_ins/vga_fifo_wrapper_ins/vga_fifo/U0/inst_fifo_gen/gconvfifo.rf/grf.rf/gntv_or_sync_fifo.gcx.clkx/wr_pntr_cdc_inst/src_gray_ff_reg[2]} {xillybus_ins/system_i/vivado_system_i/xillyvga_0/inst/xillyvga_core_ins/vga_fifo_wrapper_ins/vga_fifo/U0/inst_fifo_gen/gconvfifo.rf/grf.rf/gntv_or_sync_fifo.gcx.clkx/wr_pntr_cdc_inst/src_gray_ff_reg[3]} {xillybus_ins/system_i/vivado_system_i/xillyvga_0/inst/xillyvga_core_ins/vga_fifo_wrapper_ins/vga_fifo/U0/inst_fifo_gen/gconvfifo.rf/grf.rf/gntv_or_sync_fifo.gcx.clkx/wr_pntr_cdc_inst/src_gray_ff_reg[4]} {xillybus_ins/system_i/vivado_system_i/xillyvga_0/inst/xillyvga_core_ins/vga_fifo_wrapper_ins/vga_fifo/U0/inst_fifo_gen/gconvfifo.rf/grf.rf/gntv_or_sync_fifo.gcx.clkx/wr_pntr_cdc_inst/src_gray_ff_reg[5]} {xillybus_ins/system_i/vivado_system_i/xillyvga_0/inst/xillyvga_core_ins/vga_fifo_wrapper_ins/vga_fifo/U0/inst_fifo_gen/gconvfifo.rf/grf.rf/gntv_or_sync_fifo.gcx.clkx/wr_pntr_cdc_inst/src_gray_ff_reg[6]} {xillybus_ins/system_i/vivado_system_i/xillyvga_0/inst/xillyvga_core_ins/vga_fifo_wrapper_ins/vga_fifo/U0/inst_fifo_gen/gconvfifo.rf/grf.rf/gntv_or_sync_fifo.gcx.clkx/wr_pntr_cdc_inst/src_gray_ff_reg[7]} {xillybus_ins/system_i/vivado_system_i/xillyvga_0/inst/xillyvga_core_ins/vga_fifo_wrapper_ins/vga_fifo/U0/inst_fifo_gen/gconvfifo.rf/grf.rf/gntv_or_sync_fifo.gcx.clkx/wr_pntr_cdc_inst/src_gray_ff_reg[8]}]] -to [get_cells [list {xillybus_ins/system_i/vivado_system_i/xillyvga_0/inst/xillyvga_core_ins/vga_fifo_wrapper_ins/vga_fifo/U0/inst_fifo_gen/gconvfifo.rf/grf.rf/gntv_or_sync_fifo.gcx.clkx/wr_pntr_cdc_inst/dest_graysync_ff_reg[0][0]} {xillybus_ins/system_i/vivado_system_i/xillyvga_0/inst/xillyvga_core_ins/vga_fifo_wrapper_ins/vga_fifo/U0/inst_fifo_gen/gconvfifo.rf/grf.rf/gntv_or_sync_fifo.gcx.clkx/wr_pntr_cdc_inst/dest_graysync_ff_reg[0][1]} {xillybus_ins/system_i/vivado_system_i/xillyvga_0/inst/xillyvga_core_ins/vga_fifo_wrapper_ins/vga_fifo/U0/inst_fifo_gen/gconvfifo.rf/grf.rf/gntv_or_sync_fifo.gcx.clkx/wr_pntr_cdc_inst/dest_graysync_ff_reg[0][2]} {xillybus_ins/system_i/vivado_system_i/xillyvga_0/inst/xillyvga_core_ins/vga_fifo_wrapper_ins/vga_fifo/U0/inst_fifo_gen/gconvfifo.rf/grf.rf/gntv_or_sync_fifo.gcx.clkx/wr_pntr_cdc_inst/dest_graysync_ff_reg[0][3]} {xillybus_ins/system_i/vivado_system_i/xillyvga_0/inst/xillyvga_core_ins/vga_fifo_wrapper_ins/vga_fifo/U0/inst_fifo_gen/gconvfifo.rf/grf.rf/gntv_or_sync_fifo.gcx.clkx/wr_pntr_cdc_inst/dest_graysync_ff_reg[0][4]} {xillybus_ins/system_i/vivado_system_i/xillyvga_0/inst/xillyvga_core_ins/vga_fifo_wrapper_ins/vga_fifo/U0/inst_fifo_gen/gconvfifo.rf/grf.rf/gntv_or_sync_fifo.gcx.clkx/wr_pntr_cdc_inst/dest_graysync_ff_reg[0][5]} {xillybus_ins/system_i/vivado_system_i/xillyvga_0/inst/xillyvga_core_ins/vga_fifo_wrapper_ins/vga_fifo/U0/inst_fifo_gen/gconvfifo.rf/grf.rf/gntv_or_sync_fifo.gcx.clkx/wr_pntr_cdc_inst/dest_graysync_ff_reg[0][6]} {xillybus_ins/system_i/vivado_system_i/xillyvga_0/inst/xillyvga_core_ins/vga_fifo_wrapper_ins/vga_fifo/U0/inst_fifo_gen/gconvfifo.rf/grf.rf/gntv_or_sync_fifo.gcx.clkx/wr_pntr_cdc_inst/dest_graysync_ff_reg[0][7]} {xillybus_ins/system_i/vivado_system_i/xillyvga_0/inst/xillyvga_core_ins/vga_fifo_wrapper_ins/vga_fifo/U0/inst_fifo_gen/gconvfifo.rf/grf.rf/gntv_or_sync_fifo.gcx.clkx/wr_pntr_cdc_inst/dest_graysync_ff_reg[0][8]}]] 10.000
Requirement: 10.000ns
Endpoints: 9

From Clock            To Clock              Endpoint Pin                    Reference Pin                   Corner  Actual(ns)  Slack(ns)
--------------------  --------------------  ------------------------------  ------------------------------  ------  ----------  ---------
clk_fpga_1            vga_clk_ins/clkout0   xillybus_ins/system_i/vivado_system_i/xillyvga_0/inst/xillyvga_core_ins/vga_fifo_wrapper_ins/vga_fifo/U0/inst_fifo_gen/gconvfifo.rf/grf.rf/gntv_or_sync_fifo.gcx.clkx/wr_pntr_cdc_inst/dest_graysync_ff_reg[0][3]/D
                                                                            xillybus_ins/system_i/vivado_system_i/xillyvga_0/inst/xillyvga_core_ins/vga_fifo_wrapper_ins/vga_fifo/U0/inst_fifo_gen/gconvfifo.rf/grf.rf/gntv_or_sync_fifo.gcx.clkx/wr_pntr_cdc_inst/dest_graysync_ff_reg[0][6]/D
                                                                                                            Slow         1.493      8.507


Slack (MET) :             8.507ns  (requirement - actual skew)
  Endpoint Source:        xillybus_ins/system_i/vivado_system_i/xillyvga_0/inst/xillyvga_core_ins/vga_fifo_wrapper_ins/vga_fifo/U0/inst_fifo_gen/gconvfifo.rf/grf.rf/gntv_or_sync_fifo.gcx.clkx/wr_pntr_cdc_inst/src_gray_ff_reg[3]/C
                            (rising edge-triggered cell FDRE clocked by clk_fpga_1)
  Endpoint Destination:   xillybus_ins/system_i/vivado_system_i/xillyvga_0/inst/xillyvga_core_ins/vga_fifo_wrapper_ins/vga_fifo/U0/inst_fifo_gen/gconvfifo.rf/grf.rf/gntv_or_sync_fifo.gcx.clkx/wr_pntr_cdc_inst/dest_graysync_ff_reg[0][3]/D
                            (rising edge-triggered cell FDRE clocked by vga_clk_ins/clkout0)
  Reference Source:       xillybus_ins/system_i/vivado_system_i/xillyvga_0/inst/xillyvga_core_ins/vga_fifo_wrapper_ins/vga_fifo/U0/inst_fifo_gen/gconvfifo.rf/grf.rf/gntv_or_sync_fifo.gcx.clkx/wr_pntr_cdc_inst/src_gray_ff_reg[6]/C
                            (rising edge-triggered cell FDRE clocked by clk_fpga_1)
  Reference Destination:  xillybus_ins/system_i/vivado_system_i/xillyvga_0/inst/xillyvga_core_ins/vga_fifo_wrapper_ins/vga_fifo/U0/inst_fifo_gen/gconvfifo.rf/grf.rf/gntv_or_sync_fifo.gcx.clkx/wr_pntr_cdc_inst/dest_graysync_ff_reg[0][6]/D
                            (rising edge-triggered cell FDRE clocked by vga_clk_ins/clkout0)
  Path Type:              Bus Skew (Max at Slow Process Corner)
  Requirement:            10.000ns
  Endpoint Relative Delay:   -4.020ns
  Reference Relative Delay:  -6.152ns
  Relative CRPR:              1.072ns
  Uncertainty:                0.433ns
  Actual Bus Skew:            1.493ns  (Endpoint Relative Delay - Reference Relative Delay - Relative CRPR + Uncertainty)

Endpoint path:
    Location             Delay type                Incr(ns)  Path(ns)    Netlist Resource(s)
  -------------------------------------------------------------------    -------------------
                         (clock clk_fpga_1 rise edge)
                                                      0.000     0.000 r  
    PS7_X0Y0             PS7                          0.000     0.000 r  xillybus_ins/system_i/vivado_system_i/processing_system7_0/inst/PS7_i/FCLKCLK[1]
                         net (fo=1, routed)           1.193     1.193    xillybus_ins/system_i/vivado_system_i/processing_system7_0/inst/FCLK_CLK_unbuffered[1]
    BUFGCTRL_X0Y16       BUFG (Prop_bufg_I_O)         0.101     1.294 r  xillybus_ins/system_i/vivado_system_i/processing_system7_0/inst/buffer_fclk_clk_1.FCLK_CLK_1_BUFG/O
                         net (fo=5962, routed)        1.749     3.043    xillybus_ins/system_i/vivado_system_i/xillyvga_0/inst/xillyvga_core_ins/vga_fifo_wrapper_ins/vga_fifo/U0/inst_fifo_gen/gconvfifo.rf/grf.rf/gntv_or_sync_fifo.gcx.clkx/wr_pntr_cdc_inst/src_clk
    SLICE_X26Y44         FDRE                                         r  xillybus_ins/system_i/vivado_system_i/xillyvga_0/inst/xillyvga_core_ins/vga_fifo_wrapper_ins/vga_fifo/U0/inst_fifo_gen/gconvfifo.rf/grf.rf/gntv_or_sync_fifo.gcx.clkx/wr_pntr_cdc_inst/src_gray_ff_reg[3]/C
  -------------------------------------------------------------------    -------------------
    SLICE_X26Y44         FDRE (Prop_fdre_C_Q)         0.478     3.521 r  xillybus_ins/system_i/vivado_system_i/xillyvga_0/inst/xillyvga_core_ins/vga_fifo_wrapper_ins/vga_fifo/U0/inst_fifo_gen/gconvfifo.rf/grf.rf/gntv_or_sync_fifo.gcx.clkx/wr_pntr_cdc_inst/src_gray_ff_reg[3]/Q
                         net (fo=1, routed)           0.773     4.294    xillybus_ins/system_i/vivado_system_i/xillyvga_0/inst/xillyvga_core_ins/vga_fifo_wrapper_ins/vga_fifo/U0/inst_fifo_gen/gconvfifo.rf/grf.rf/gntv_or_sync_fifo.gcx.clkx/wr_pntr_cdc_inst/async_path[3]
    SLICE_X25Y44         FDRE                                         r  xillybus_ins/system_i/vivado_system_i/xillyvga_0/inst/xillyvga_core_ins/vga_fifo_wrapper_ins/vga_fifo/U0/inst_fifo_gen/gconvfifo.rf/grf.rf/gntv_or_sync_fifo.gcx.clkx/wr_pntr_cdc_inst/dest_graysync_ff_reg[0][3]/D
  -------------------------------------------------------------------    -------------------

                         (clock vga_clk_ins/clkout0 rise edge)
                                                      0.000     0.000 r  
    Y9                                                0.000     0.000 r  clk_100 (IN)
                         net (fo=0)                   0.000     0.000    clk_100
    Y9                   IBUF (Prop_ibuf_I_O)         1.420     1.420 r  clk_100_IBUF_inst/O
                         net (fo=1, routed)           1.972     3.392    clk_100_IBUF
    BUFGCTRL_X0Y1        BUFG (Prop_bufg_I_O)         0.091     3.483 r  clk_100_IBUF_BUFG_inst/O
                         net (fo=4, routed)           1.631     5.114    xillybus_ins/system_i/vivado_system_i/xillyvga_0/inst/xillyvga_core_ins/clk_in
    PLLE2_ADV_X1Y0       PLLE2_ADV (Prop_plle2_adv_CLKIN1_CLKOUT0)
                                                      0.083     5.197 r  xillybus_ins/system_i/vivado_system_i/xillyvga_0/inst/xillyvga_core_ins/vga_clk_ins/vga_pll/CLKOUT0
                         net (fo=1, routed)           1.720     6.917    xillybus_ins/system_i/vivado_system_i/xillyvga_0/inst/xillyvga_core_ins/vga_clk_ins/clkout0
    BUFGCTRL_X0Y0        BUFG (Prop_bufg_I_O)         0.091     7.008 r  xillybus_ins/system_i/vivado_system_i/xillyvga_0/inst/xillyvga_core_ins/vga_clk_ins/clkout1_buf/O
                         net (fo=195, routed)         1.569     8.578    xillybus_ins/system_i/vivado_system_i/xillyvga_0/inst/xillyvga_core_ins/vga_fifo_wrapper_ins/vga_fifo/U0/inst_fifo_gen/gconvfifo.rf/grf.rf/gntv_or_sync_fifo.gcx.clkx/wr_pntr_cdc_inst/dest_clk
    SLICE_X25Y44         FDRE                                         r  xillybus_ins/system_i/vivado_system_i/xillyvga_0/inst/xillyvga_core_ins/vga_fifo_wrapper_ins/vga_fifo/U0/inst_fifo_gen/gconvfifo.rf/grf.rf/gntv_or_sync_fifo.gcx.clkx/wr_pntr_cdc_inst/dest_graysync_ff_reg[0][3]/C
                         clock pessimism              0.000     8.578    
    SLICE_X25Y44         FDRE (Setup_fdre_C_D)       -0.264     8.314    xillybus_ins/system_i/vivado_system_i/xillyvga_0/inst/xillyvga_core_ins/vga_fifo_wrapper_ins/vga_fifo/U0/inst_fifo_gen/gconvfifo.rf/grf.rf/gntv_or_sync_fifo.gcx.clkx/wr_pntr_cdc_inst/dest_graysync_ff_reg[0][3]
  -------------------------------------------------------------------
                         data arrival                           4.294    
                         clock arrival                          8.314    
  -------------------------------------------------------------------
                         relative delay                        -4.020    

Reference path:
    Location             Delay type                Incr(ns)  Path(ns)    Netlist Resource(s)
  -------------------------------------------------------------------    -------------------
                         (clock clk_fpga_1 rise edge)
                                                      0.000     0.000 r  
    PS7_X0Y0             PS7                          0.000     0.000 r  xillybus_ins/system_i/vivado_system_i/processing_system7_0/inst/PS7_i/FCLKCLK[1]
                         net (fo=1, routed)           1.088     1.088    xillybus_ins/system_i/vivado_system_i/processing_system7_0/inst/FCLK_CLK_unbuffered[1]
    BUFGCTRL_X0Y16       BUFG (Prop_bufg_I_O)         0.091     1.179 r  xillybus_ins/system_i/vivado_system_i/processing_system7_0/inst/buffer_fclk_clk_1.FCLK_CLK_1_BUFG/O
                         net (fo=5962, routed)        1.573     2.752    xillybus_ins/system_i/vivado_system_i/xillyvga_0/inst/xillyvga_core_ins/vga_fifo_wrapper_ins/vga_fifo/U0/inst_fifo_gen/gconvfifo.rf/grf.rf/gntv_or_sync_fifo.gcx.clkx/wr_pntr_cdc_inst/src_clk
    SLICE_X25Y47         FDRE                                         r  xillybus_ins/system_i/vivado_system_i/xillyvga_0/inst/xillyvga_core_ins/vga_fifo_wrapper_ins/vga_fifo/U0/inst_fifo_gen/gconvfifo.rf/grf.rf/gntv_or_sync_fifo.gcx.clkx/wr_pntr_cdc_inst/src_gray_ff_reg[6]/C
  -------------------------------------------------------------------    -------------------
    SLICE_X25Y47         FDRE (Prop_fdre_C_Q)         0.367     3.119 r  xillybus_ins/system_i/vivado_system_i/xillyvga_0/inst/xillyvga_core_ins/vga_fifo_wrapper_ins/vga_fifo/U0/inst_fifo_gen/gconvfifo.rf/grf.rf/gntv_or_sync_fifo.gcx.clkx/wr_pntr_cdc_inst/src_gray_ff_reg[6]/Q
                         net (fo=1, routed)           0.368     3.488    xillybus_ins/system_i/vivado_system_i/xillyvga_0/inst/xillyvga_core_ins/vga_fifo_wrapper_ins/vga_fifo/U0/inst_fifo_gen/gconvfifo.rf/grf.rf/gntv_or_sync_fifo.gcx.clkx/wr_pntr_cdc_inst/async_path[6]
    SLICE_X26Y47         FDRE                                         r  xillybus_ins/system_i/vivado_system_i/xillyvga_0/inst/xillyvga_core_ins/vga_fifo_wrapper_ins/vga_fifo/U0/inst_fifo_gen/gconvfifo.rf/grf.rf/gntv_or_sync_fifo.gcx.clkx/wr_pntr_cdc_inst/dest_graysync_ff_reg[0][6]/D
  -------------------------------------------------------------------    -------------------

                         (clock vga_clk_ins/clkout0 rise edge)
                                                      0.000     0.000 r  
    Y9                                                0.000     0.000 r  clk_100 (IN)
                         net (fo=0)                   0.000     0.000    clk_100
    Y9                   IBUF (Prop_ibuf_I_O)         1.490     1.490 r  clk_100_IBUF_inst/O
                         net (fo=1, routed)           2.171     3.661    clk_100_IBUF
    BUFGCTRL_X0Y1        BUFG (Prop_bufg_I_O)         0.101     3.762 r  clk_100_IBUF_BUFG_inst/O
                         net (fo=4, routed)           1.828     5.590    xillybus_ins/system_i/vivado_system_i/xillyvga_0/inst/xillyvga_core_ins/clk_in
    PLLE2_ADV_X1Y0       PLLE2_ADV (Prop_plle2_adv_CLKIN1_CLKOUT0)
                                                      0.088     5.678 r  xillybus_ins/system_i/vivado_system_i/xillyvga_0/inst/xillyvga_core_ins/vga_clk_ins/vga_pll/CLKOUT0
                         net (fo=1, routed)           1.883     7.561    xillybus_ins/system_i/vivado_system_i/xillyvga_0/inst/xillyvga_core_ins/vga_clk_ins/clkout0
    BUFGCTRL_X0Y0        BUFG (Prop_bufg_I_O)         0.101     7.662 r  xillybus_ins/system_i/vivado_system_i/xillyvga_0/inst/xillyvga_core_ins/vga_clk_ins/clkout1_buf/O
                         net (fo=195, routed)         1.747     9.409    xillybus_ins/system_i/vivado_system_i/xillyvga_0/inst/xillyvga_core_ins/vga_fifo_wrapper_ins/vga_fifo/U0/inst_fifo_gen/gconvfifo.rf/grf.rf/gntv_or_sync_fifo.gcx.clkx/wr_pntr_cdc_inst/dest_clk
    SLICE_X26Y47         FDRE                                         r  xillybus_ins/system_i/vivado_system_i/xillyvga_0/inst/xillyvga_core_ins/vga_fifo_wrapper_ins/vga_fifo/U0/inst_fifo_gen/gconvfifo.rf/grf.rf/gntv_or_sync_fifo.gcx.clkx/wr_pntr_cdc_inst/dest_graysync_ff_reg[0][6]/C
                         clock pessimism              0.000     9.409    
    SLICE_X26Y47         FDRE (Hold_fdre_C_D)         0.230     9.639    xillybus_ins/system_i/vivado_system_i/xillyvga_0/inst/xillyvga_core_ins/vga_fifo_wrapper_ins/vga_fifo/U0/inst_fifo_gen/gconvfifo.rf/grf.rf/gntv_or_sync_fifo.gcx.clkx/wr_pntr_cdc_inst/dest_graysync_ff_reg[0][6]
  -------------------------------------------------------------------
                         data arrival                           3.488    
                         clock arrival                          9.639    
  -------------------------------------------------------------------
                         relative delay                        -6.152    



